
  [32m[1mVITE[22m v6.3.5[39m  [2mready in [0m[1m415[22m[2m[0m ms[22m

  [32m➜[39m  [1mLocal[22m:   [36mhttp://127.0.0.1:[1m4174[22m/[39m
[2m20:42:54[22m [36m[1m[vite][22m[39m [90m[2m(client)[22m[39m [32mhmr update [39m[2m/@fs/C:\Users\dewan\Downloads\VenueOps ERP\src\app\components\procurement\PurchaseOrders.tsx, /src/styles/index.css[22m
[2m20:45:38[22m [36m[1m[vite][22m[39m [90m[2m(client)[22m[39m [32mhmr update [39m[2m/@fs/C:\Users\dewan\Downloads\VenueOps ERP\src\app\components\procurement\PurchaseOrders.tsx, /src/styles/index.css[22m
[2m20:45:50[22m [36m[1m[vite][22m[39m [90m[2m(client)[22m[39m [32mhmr update [39m[2m/@fs/C:\Users\dewan\Downloads\VenueOps ERP\src\app\components\procurement\PurchaseOrders.tsx, /src/styles/index.css[22m
[2m20:46:04[22m [36m[1m[vite][22m[39m [90m[2m(client)[22m[39m [32mhmr update [39m[2m/@fs/C:\Users\dewan\Downloads\VenueOps ERP\src\app\components\procurement\PurchaseOrders.tsx, /src/styles/index.css[22m
[2m20:46:13[22m [36m[1m[vite][22m[39m [90m[2m(client)[22m[39m [32mhmr update [39m[2m/@fs/C:\Users\dewan\Downloads\VenueOps ERP\src\app\components\procurement\PurchaseOrders.tsx, /src/styles/index.css[22m
[2m20:46:49[22m [36m[1m[vite][22m[39m [90m[2m(client)[22m[39m [32mhmr update [39m[2m/@fs/C:\Users\dewan\Downloads\VenueOps ERP\src\app\components\procurement\PurchaseOrders.tsx, /src/styles/index.css[22m
[2m20:47:15[22m [36m[1m[vite][22m[39m [90m[2m(client)[22m[39m [32mhmr update [39m[2m/@fs/C:\Users\dewan\Downloads\VenueOps ERP\src\app\components\procurement\PurchaseOrders.tsx, /src/styles/index.css[22m
[2m20:47:40[22m [36m[1m[vite][22m[39m [90m[2m(client)[22m[39m [32mhmr update [39m[2m/@fs/C:\Users\dewan\Downloads\VenueOps ERP\src\app\components\procurement\PurchaseOrders.tsx, /src/styles/index.css[22m
[2m20:47:55[22m [36m[1m[vite][22m[39m [90m[2m(client)[22m[39m [32mhmr update [39m[2m/@fs/C:\Users\dewan\Downloads\VenueOps ERP\src\app\components\procurement\PurchaseOrders.tsx, /src/styles/index.css[22m
[2m20:48:08[22m [36m[1m[vite][22m[39m [90m[2m(client)[22m[39m [32mhmr update [39m[2m/@fs/C:\Users\dewan\Downloads\VenueOps ERP\src\app\components\procurement\PurchaseOrders.tsx, /src/styles/index.css[22m
[2m20:48:18[22m [36m[1m[vite][22m[39m [90m[2m(client)[22m[39m [32mhmr update [39m[2m/@fs/C:\Users\dewan\Downloads\VenueOps ERP\src\app\components\procurement\PurchaseOrders.tsx, /src/styles/index.css[22m
[2m20:48:28[22m [36m[1m[vite][22m[39m [90m[2m(client)[22m[39m [32mhmr update [39m[2m/@fs/C:\Users\dewan\Downloads\VenueOps ERP\src\app\components\procurement\PurchaseOrders.tsx, /src/styles/index.css[22m
[2m20:48:42[22m [36m[1m[vite][22m[39m [90m[2m(client)[22m[39m [32mhmr update [39m[2m/@fs/C:\Users\dewan\Downloads\VenueOps ERP\src\app\components\procurement\PurchaseOrders.tsx, /src/styles/index.css[22m
[2m20:48:51[22m [36m[1m[vite][22m[39m [90m[2m(client)[22m[39m [32mhmr update [39m[2m/@fs/C:\Users\dewan\Downloads\VenueOps ERP\src\app\components\procurement\PurchaseOrders.tsx, /src/styles/index.css[22m
[2m20:48:59[22m [36m[1m[vite][22m[39m [90m[2m(client)[22m[39m [32mhmr update [39m[2m/@fs/C:\Users\dewan\Downloads\VenueOps ERP\src\app\components\procurement\PurchaseOrders.tsx, /src/styles/index.css[22m
[2m20:49:18[22m [36m[1m[vite][22m[39m [90m[2m(client)[22m[39m [32mhmr update [39m[2m/@fs/C:\Users\dewan\Downloads\VenueOps ERP\src\app\components\procurement\PurchaseOrders.tsx, /src/styles/index.css[22m
[2m20:50:18[22m [36m[1m[vite][22m[39m [90m[2m(client)[22m[39m [32mhmr update [39m[2m/@fs/C:\Users\dewan\Downloads\VenueOps ERP\src\app\components\procurement\PurchaseOrders.tsx, /src/styles/index.css[22m
[2m20:50:39[22m [36m[1m[vite][22m[39m [90m[2m(client)[22m[39m [32mhmr update [39m[2m/@fs/C:\Users\dewan\Downloads\VenueOps ERP\src\app\components\procurement\ProcurementManagement.tsx, /src/styles/index.css[22m
[2m20:50:51[22m [36m[1m[vite][22m[39m [90m[2m(client)[22m[39m [32mhmr update [39m[2m/@fs/C:\Users\dewan\Downloads\VenueOps ERP\src\app\components\procurement\ProcurementManagement.tsx, /src/styles/index.css[22m
[2m20:50:59[22m [36m[1m[vite][22m[39m [90m[2m(client)[22m[39m [32mhmr update [39m[2m/src/app/components/erp/ERPSystem.tsx, /src/styles/index.css[22m
[2m20:52:39[22m [36m[1m[vite][22m[39m [90m[2m(client)[22m[39m [32mhmr update [39m[2m/@fs/C:\Users\dewan\Downloads\VenueOps ERP\src\app\components\procurement\PurchaseOrders.tsx, /src/styles/index.css[22m
